SF:lib\core\models\day_model.dart
DA:5,4
DA:19,1
DA:20,6
DA:21,4
DA:24,1
DA:25,2
DA:26,2
DA:27,0
DA:28,2
DA:29,2
DA:31,0
DA:35,1
DA:36,2
DA:37,2
DA:38,0
DA:39,2
DA:40,2
DA:42,0
DA:46,1
DA:47,2
DA:48,2
DA:49,0
DA:51,0
DA:53,0
DA:55,0
DA:57,0
DA:59,0
DA:62,2
DA:63,3
DA:65,0
DA:67,0
DA:69,0
DA:71,0
DA:73,0
DA:77,0
DA:79,0
DA:81,0
DA:83,0
DA:85,0
DA:87,0
DA:94,3
DA:95,3
DA:96,6
DA:97,6
DA:98,6
DA:102,3
DA:103,3
DA:104,6
DA:105,6
DA:106,6
DA:110,1
DA:111,1
DA:113,3
DA:114,3
DA:115,3
LF:55
LH:34
end_of_record
SF:lib\core\models\day_peryods_model.dart
DA:5,4
DA:10,3
DA:11,3
DA:12,3
DA:13,3
DA:17,3
DA:18,3
DA:19,3
DA:20,3
DA:24,1
DA:25,1
DA:26,1
DA:27,2
LF:13
LH:13
end_of_record
SF:lib\core\styles\app_images.dart
DA:12,0
DA:13,0
DA:14,0
DA:15,0
DA:16,0
DA:17,0
DA:18,0
LF:7
LH:0
end_of_record
SF:lib\core\models\state_uf_model.dart
DA:6,2
DA:14,1
DA:15,1
DA:16,1
DA:17,5
DA:21,0
DA:22,0
DA:23,0
DA:24,0
DA:28,1
DA:29,1
DA:30,1
DA:31,1
DA:32,3
DA:33,1
DA:37,0
DA:38,0
LF:17
LH:11
end_of_record
SF:lib\core\models\week_model.dart
DA:5,3
DA:25,0
DA:26,0
DA:27,0
DA:28,0
DA:30,0
DA:31,0
DA:32,0
DA:33,0
DA:34,0
DA:35,0
DA:36,0
DA:37,0
DA:39,0
DA:40,0
DA:41,0
DA:42,0
DA:43,0
DA:44,0
DA:45,0
DA:47,0
DA:48,0
DA:49,0
DA:50,0
DA:51,0
DA:52,0
DA:54,0
DA:55,0
DA:56,0
DA:57,0
DA:58,0
DA:60,0
DA:61,0
DA:62,0
DA:63,0
DA:65,0
DA:66,0
DA:67,0
DA:69,0
DA:70,0
DA:76,0
DA:77,0
DA:78,0
DA:81,2
DA:82,2
DA:83,4
DA:84,4
DA:85,4
DA:86,4
DA:87,4
DA:88,4
DA:89,4
DA:93,1
DA:94,1
DA:95,2
DA:96,2
DA:97,2
DA:98,2
DA:99,2
DA:100,2
DA:101,2
DA:105,0
DA:106,1
DA:107,1
DA:108,6
DA:109,6
DA:110,6
DA:111,6
DA:112,6
DA:113,6
DA:114,6
LF:71
LH:28
end_of_record
SF:lib\src\features\home\data\datasource\list_states_datasource.dart
DA:13,1
DA:16,1
DA:19,1
DA:26,2
DA:27,1
DA:32,2
DA:33,1
DA:34,1
DA:36,1
DA:39,1
LF:10
LH:10
end_of_record
SF:lib\src\features\home\data\states\list_states_datasource_state.dart
DA:5,2
LF:1
LH:1
end_of_record
SF:lib\src\features\home\domain\list_states_repository.dart
DA:12,1
DA:15,1
DA:17,2
DA:18,1
DA:19,2
DA:20,1
DA:21,2
DA:22,1
DA:25,1
LF:9
LH:9
end_of_record
SF:lib\core\models\info_state_model.dart
DA:6,1
DA:12,0
DA:13,0
DA:14,0
DA:18,0
DA:19,0
DA:20,0
DA:24,1
DA:25,1
DA:26,2
DA:27,3
DA:28,1
DA:31,1
DA:32,2
LF:14
LH:8
end_of_record
SF:lib\src\features\home\presenter\controllers\home_controller.dart
DA:8,1
DA:15,1
DA:16,2
DA:18,2
DA:19,2
DA:21,2
DA:22,2
DA:24,2
DA:26,1
LF:9
LH:9
end_of_record
